13:11:55,208 (main) INFO  [DataNucleus.Enhancer] - DataNucleus Enhancer for API "JDO"
13:11:55,470 (main) INFO  [DataNucleus.Enhancer] - DataNucleus Enhancer (version 3.1.1) : Enhancement of classes
13:11:55,733 (main) INFO  [DataNucleus.Enhancer] - Writing class file "/home/otf/code/AssesortronServer/target/AssesortronServer-1.0-SNAPSHOT/WEB-INF/classes/Objects/WalkThroughDTO.class" with enhanced definition
13:11:55,741 (main) INFO  [DataNucleus.Enhancer] - Writing class file "/home/otf/code/AssesortronServer/target/AssesortronServer-1.0-SNAPSHOT/WEB-INF/classes/Objects/DrawRequestDTO.class" with enhanced definition
13:11:55,755 (main) INFO  [DataNucleus.Enhancer] - Writing class file "/home/otf/code/AssesortronServer/target/AssesortronServer-1.0-SNAPSHOT/WEB-INF/classes/Objects/ProjectDTO.class" with enhanced definition
13:11:55,756 (main) INFO  [DataNucleus.Enhancer] - DataNucleus Enhancer completed with success for 3 classes. Timings : input=219 ms, enhance=66 ms, total=285 ms. Consult the log for full details
18:40:23,538 (main) INFO  [DataNucleus.Enhancer] - DataNucleus Enhancer for API "JDO"
18:40:23,760 (main) INFO  [DataNucleus.Enhancer] - DataNucleus Enhancer (version 3.1.1) : Enhancement of classes
18:40:24,039 (main) INFO  [DataNucleus.Enhancer] - Writing class file "/home/otf/code/AssesortronServer/target/AssesortronServer-1.0-SNAPSHOT/WEB-INF/classes/Objects/WalkThroughDTO.class" with enhanced definition
18:40:24,046 (main) INFO  [DataNucleus.Enhancer] - Writing class file "/home/otf/code/AssesortronServer/target/AssesortronServer-1.0-SNAPSHOT/WEB-INF/classes/Objects/DrawRequestDTO.class" with enhanced definition
18:40:24,058 (main) INFO  [DataNucleus.Enhancer] - Writing class file "/home/otf/code/AssesortronServer/target/AssesortronServer-1.0-SNAPSHOT/WEB-INF/classes/Objects/ProjectDTO.class" with enhanced definition
18:40:24,059 (main) INFO  [DataNucleus.Enhancer] - DataNucleus Enhancer completed with success for 3 classes. Timings : input=239 ms, enhance=59 ms, total=298 ms. Consult the log for full details
18:40:54,149 (main) INFO  [DataNucleus.Enhancer] - DataNucleus Enhancer for API "JDO"
18:40:54,345 (main) INFO  [DataNucleus.Enhancer] - DataNucleus Enhancer (version 3.1.1) : Enhancement of classes
18:40:54,586 (main) INFO  [DataNucleus.Enhancer] - Class "Objects.WalkThroughDTO" is already enhanced.
18:40:54,589 (main) INFO  [DataNucleus.Enhancer] - Class "Objects.DrawRequestDTO" is already enhanced.
18:40:54,593 (main) INFO  [DataNucleus.Enhancer] - Class "Objects.ProjectDTO" is already enhanced.
18:40:54,593 (main) INFO  [DataNucleus.Enhancer] - DataNucleus Enhancer completed with success for 3 classes. Timings : input=214 ms, enhance=33 ms, total=247 ms. Consult the log for full details
18:41:50,326 (main) INFO  [DataNucleus.Enhancer] - DataNucleus Enhancer for API "JDO"
18:41:50,495 (main) INFO  [DataNucleus.Enhancer] - DataNucleus Enhancer (version 3.1.1) : Enhancement of classes
18:41:50,739 (main) INFO  [DataNucleus.Enhancer] - Class "Objects.WalkThroughDTO" is already enhanced.
18:41:50,740 (main) INFO  [DataNucleus.Enhancer] - Class "Objects.DrawRequestDTO" is already enhanced.
18:41:50,743 (main) INFO  [DataNucleus.Enhancer] - Class "Objects.ProjectDTO" is already enhanced.
18:41:50,744 (main) INFO  [DataNucleus.Enhancer] - DataNucleus Enhancer completed with success for 3 classes. Timings : input=219 ms, enhance=29 ms, total=248 ms. Consult the log for full details
18:43:57,543 (main) INFO  [DataNucleus.Enhancer] - DataNucleus Enhancer for API "JDO"
18:43:57,744 (main) INFO  [DataNucleus.Enhancer] - DataNucleus Enhancer (version 3.1.1) : Enhancement of classes
18:43:57,985 (main) INFO  [DataNucleus.Enhancer] - Writing class file "/home/otf/code/AssesortronServer/target/AssesortronServer-1.0-SNAPSHOT/WEB-INF/classes/Objects/WalkThroughDTO.class" with enhanced definition
18:43:57,993 (main) INFO  [DataNucleus.Enhancer] - Writing class file "/home/otf/code/AssesortronServer/target/AssesortronServer-1.0-SNAPSHOT/WEB-INF/classes/Objects/DrawRequestDTO.class" with enhanced definition
18:43:58,006 (main) INFO  [DataNucleus.Enhancer] - Writing class file "/home/otf/code/AssesortronServer/target/AssesortronServer-1.0-SNAPSHOT/WEB-INF/classes/Objects/ProjectDTO.class" with enhanced definition
18:43:58,006 (main) INFO  [DataNucleus.Enhancer] - DataNucleus Enhancer completed with success for 3 classes. Timings : input=199 ms, enhance=62 ms, total=261 ms. Consult the log for full details
18:46:25,839 (main) INFO  [DataNucleus.Enhancer] - DataNucleus Enhancer for API "JDO"
18:46:26,005 (main) INFO  [DataNucleus.Enhancer] - DataNucleus Enhancer (version 3.1.1) : Enhancement of classes
18:46:26,244 (main) INFO  [DataNucleus.Enhancer] - Writing class file "/home/otf/code/AssesortronServer/target/AssesortronServer-1.0-SNAPSHOT/WEB-INF/classes/Objects/WalkThroughDTO.class" with enhanced definition
18:46:26,251 (main) INFO  [DataNucleus.Enhancer] - Writing class file "/home/otf/code/AssesortronServer/target/AssesortronServer-1.0-SNAPSHOT/WEB-INF/classes/Objects/DrawRequestDTO.class" with enhanced definition
18:46:26,267 (main) INFO  [DataNucleus.Enhancer] - Writing class file "/home/otf/code/AssesortronServer/target/AssesortronServer-1.0-SNAPSHOT/WEB-INF/classes/Objects/ProjectDTO.class" with enhanced definition
18:46:26,268 (main) INFO  [DataNucleus.Enhancer] - DataNucleus Enhancer completed with success for 3 classes. Timings : input=199 ms, enhance=62 ms, total=261 ms. Consult the log for full details
18:51:48,331 (main) INFO  [DataNucleus.Enhancer] - DataNucleus Enhancer for API "JDO"
18:51:48,495 (main) INFO  [DataNucleus.Enhancer] - DataNucleus Enhancer (version 3.1.1) : Enhancement of classes
18:51:48,735 (main) INFO  [DataNucleus.Enhancer] - Writing class file "/home/otf/code/AssesortronServer/target/AssesortronServer-1.0-SNAPSHOT/WEB-INF/classes/Objects/WalkThroughDTO.class" with enhanced definition
18:51:48,743 (main) INFO  [DataNucleus.Enhancer] - Writing class file "/home/otf/code/AssesortronServer/target/AssesortronServer-1.0-SNAPSHOT/WEB-INF/classes/Objects/DrawRequestDTO.class" with enhanced definition
18:51:48,755 (main) INFO  [DataNucleus.Enhancer] - Writing class file "/home/otf/code/AssesortronServer/target/AssesortronServer-1.0-SNAPSHOT/WEB-INF/classes/Objects/ProjectDTO.class" with enhanced definition
18:51:48,756 (main) INFO  [DataNucleus.Enhancer] - DataNucleus Enhancer completed with success for 3 classes. Timings : input=199 ms, enhance=59 ms, total=258 ms. Consult the log for full details
18:55:31,512 (main) INFO  [DataNucleus.Enhancer] - DataNucleus Enhancer for API "JDO"
18:55:31,677 (main) INFO  [DataNucleus.Enhancer] - DataNucleus Enhancer (version 3.1.1) : Enhancement of classes
18:55:31,912 (main) INFO  [DataNucleus.Enhancer] - Writing class file "/home/otf/code/AssesortronServer/target/AssesortronServer-1.0-SNAPSHOT/WEB-INF/classes/Objects/WalkThroughDTO.class" with enhanced definition
18:55:31,919 (main) INFO  [DataNucleus.Enhancer] - Writing class file "/home/otf/code/AssesortronServer/target/AssesortronServer-1.0-SNAPSHOT/WEB-INF/classes/Objects/DrawRequestDTO.class" with enhanced definition
18:55:31,932 (main) INFO  [DataNucleus.Enhancer] - Writing class file "/home/otf/code/AssesortronServer/target/AssesortronServer-1.0-SNAPSHOT/WEB-INF/classes/Objects/ProjectDTO.class" with enhanced definition
18:55:31,933 (main) INFO  [DataNucleus.Enhancer] - DataNucleus Enhancer completed with success for 3 classes. Timings : input=195 ms, enhance=60 ms, total=255 ms. Consult the log for full details
19:00:34,120 (main) INFO  [DataNucleus.Enhancer] - DataNucleus Enhancer for API "JDO"
19:00:34,287 (main) INFO  [DataNucleus.Enhancer] - DataNucleus Enhancer (version 3.1.1) : Enhancement of classes
19:00:34,530 (main) INFO  [DataNucleus.Enhancer] - Writing class file "/home/otf/code/AssesortronServer/target/AssesortronServer-1.0-SNAPSHOT/WEB-INF/classes/Objects/WalkThroughDTO.class" with enhanced definition
19:00:34,538 (main) INFO  [DataNucleus.Enhancer] - Writing class file "/home/otf/code/AssesortronServer/target/AssesortronServer-1.0-SNAPSHOT/WEB-INF/classes/Objects/DrawRequestDTO.class" with enhanced definition
19:00:34,551 (main) INFO  [DataNucleus.Enhancer] - Writing class file "/home/otf/code/AssesortronServer/target/AssesortronServer-1.0-SNAPSHOT/WEB-INF/classes/Objects/ProjectDTO.class" with enhanced definition
19:00:34,551 (main) INFO  [DataNucleus.Enhancer] - DataNucleus Enhancer completed with success for 3 classes. Timings : input=202 ms, enhance=61 ms, total=263 ms. Consult the log for full details
19:10:58,298 (main) INFO  [DataNucleus.Enhancer] - DataNucleus Enhancer for API "JDO"
19:10:58,487 (main) INFO  [DataNucleus.Enhancer] - DataNucleus Enhancer (version 3.1.1) : Enhancement of classes
19:10:58,707 (main) INFO  [DataNucleus.Enhancer] - Writing class file "/home/otf/code/AssesortronServer/target/AssesortronServer-1.0-SNAPSHOT/WEB-INF/classes/Objects/WalkThroughDTO.class" with enhanced definition
19:10:58,713 (main) INFO  [DataNucleus.Enhancer] - Writing class file "/home/otf/code/AssesortronServer/target/AssesortronServer-1.0-SNAPSHOT/WEB-INF/classes/Objects/DrawRequestDTO.class" with enhanced definition
19:10:58,727 (main) INFO  [DataNucleus.Enhancer] - Writing class file "/home/otf/code/AssesortronServer/target/AssesortronServer-1.0-SNAPSHOT/WEB-INF/classes/Objects/ProjectDTO.class" with enhanced definition
19:10:58,728 (main) INFO  [DataNucleus.Enhancer] - DataNucleus Enhancer completed with success for 3 classes. Timings : input=182 ms, enhance=57 ms, total=239 ms. Consult the log for full details
19:13:28,327 (main) INFO  [DataNucleus.Enhancer] - DataNucleus Enhancer for API "JDO"
19:13:28,514 (main) INFO  [DataNucleus.Enhancer] - DataNucleus Enhancer (version 3.1.1) : Enhancement of classes
19:13:28,747 (main) INFO  [DataNucleus.Enhancer] - Writing class file "/home/otf/code/AssesortronServer/target/AssesortronServer-1.0-SNAPSHOT/WEB-INF/classes/Objects/WalkThroughDTO.class" with enhanced definition
19:13:28,753 (main) INFO  [DataNucleus.Enhancer] - Writing class file "/home/otf/code/AssesortronServer/target/AssesortronServer-1.0-SNAPSHOT/WEB-INF/classes/Objects/DrawRequestDTO.class" with enhanced definition
19:13:28,765 (main) INFO  [DataNucleus.Enhancer] - Writing class file "/home/otf/code/AssesortronServer/target/AssesortronServer-1.0-SNAPSHOT/WEB-INF/classes/Objects/ProjectDTO.class" with enhanced definition
19:13:28,766 (main) INFO  [DataNucleus.Enhancer] - DataNucleus Enhancer completed with success for 3 classes. Timings : input=195 ms, enhance=55 ms, total=250 ms. Consult the log for full details
19:17:54,769 (main) INFO  [DataNucleus.Enhancer] - DataNucleus Enhancer for API "JDO"
19:17:54,966 (main) INFO  [DataNucleus.Enhancer] - DataNucleus Enhancer (version 3.1.1) : Enhancement of classes
19:17:55,241 (main) INFO  [DataNucleus.Enhancer] - Writing class file "/home/otf/code/AssesortronServer/target/AssesortronServer-1.0-SNAPSHOT/WEB-INF/classes/Objects/WalkThroughDTO.class" with enhanced definition
19:17:55,248 (main) INFO  [DataNucleus.Enhancer] - Writing class file "/home/otf/code/AssesortronServer/target/AssesortronServer-1.0-SNAPSHOT/WEB-INF/classes/Objects/DrawRequestDTO.class" with enhanced definition
19:17:55,261 (main) INFO  [DataNucleus.Enhancer] - Writing class file "/home/otf/code/AssesortronServer/target/AssesortronServer-1.0-SNAPSHOT/WEB-INF/classes/Objects/ProjectDTO.class" with enhanced definition
19:17:55,262 (main) INFO  [DataNucleus.Enhancer] - DataNucleus Enhancer completed with success for 3 classes. Timings : input=237 ms, enhance=57 ms, total=294 ms. Consult the log for full details
19:20:11,819 (main) INFO  [DataNucleus.Enhancer] - DataNucleus Enhancer for API "JDO"
19:20:12,012 (main) INFO  [DataNucleus.Enhancer] - DataNucleus Enhancer (version 3.1.1) : Enhancement of classes
19:20:12,246 (main) INFO  [DataNucleus.Enhancer] - Writing class file "/home/otf/code/AssesortronServer/target/AssesortronServer-1.0-SNAPSHOT/WEB-INF/classes/Objects/WalkThroughDTO.class" with enhanced definition
19:20:12,252 (main) INFO  [DataNucleus.Enhancer] - Writing class file "/home/otf/code/AssesortronServer/target/AssesortronServer-1.0-SNAPSHOT/WEB-INF/classes/Objects/DrawRequestDTO.class" with enhanced definition
19:20:12,264 (main) INFO  [DataNucleus.Enhancer] - Writing class file "/home/otf/code/AssesortronServer/target/AssesortronServer-1.0-SNAPSHOT/WEB-INF/classes/Objects/ProjectDTO.class" with enhanced definition
19:20:12,265 (main) INFO  [DataNucleus.Enhancer] - DataNucleus Enhancer completed with success for 3 classes. Timings : input=198 ms, enhance=53 ms, total=251 ms. Consult the log for full details
19:28:27,400 (main) INFO  [DataNucleus.Enhancer] - DataNucleus Enhancer for API "JDO"
19:28:27,578 (main) INFO  [DataNucleus.Enhancer] - DataNucleus Enhancer (version 3.1.1) : Enhancement of classes
19:28:27,817 (main) INFO  [DataNucleus.Enhancer] - Class "Objects.WalkThroughDTO" is already enhanced.
19:28:27,819 (main) INFO  [DataNucleus.Enhancer] - Class "Objects.DrawRequestDTO" is already enhanced.
19:28:27,822 (main) INFO  [DataNucleus.Enhancer] - Class "Objects.ProjectDTO" is already enhanced.
19:28:27,822 (main) INFO  [DataNucleus.Enhancer] - DataNucleus Enhancer completed with success for 3 classes. Timings : input=213 ms, enhance=29 ms, total=242 ms. Consult the log for full details
15:09:59,830 (main) INFO  [DataNucleus.Enhancer] - DataNucleus Enhancer for API "JDO"
15:10:00,135 (main) INFO  [DataNucleus.Enhancer] - DataNucleus Enhancer (version 3.1.1) : Enhancement of classes
15:10:00,564 (main) INFO  [DataNucleus.Enhancer] - Class "Objects.WalkThroughDTO" is already enhanced.
15:10:00,565 (main) INFO  [DataNucleus.Enhancer] - Class "Objects.DrawRequestDTO" is already enhanced.
15:10:00,568 (main) INFO  [DataNucleus.Enhancer] - Class "Objects.ProjectDTO" is already enhanced.
15:10:00,569 (main) INFO  [DataNucleus.Enhancer] - DataNucleus Enhancer completed with success for 3 classes. Timings : input=400 ms, enhance=32 ms, total=432 ms. Consult the log for full details
15:31:53,024 (main) INFO  [DataNucleus.Enhancer] - DataNucleus Enhancer for API "JDO"
15:31:53,191 (main) INFO  [DataNucleus.Enhancer] - DataNucleus Enhancer (version 3.1.1) : Enhancement of classes
15:31:53,415 (main) INFO  [DataNucleus.Enhancer] - Class "Objects.WalkThroughDTO" is already enhanced.
15:31:53,417 (main) INFO  [DataNucleus.Enhancer] - Class "Objects.DrawRequestDTO" is already enhanced.
15:31:53,420 (main) INFO  [DataNucleus.Enhancer] - Class "Objects.ProjectDTO" is already enhanced.
15:31:53,421 (main) INFO  [DataNucleus.Enhancer] - DataNucleus Enhancer completed with success for 3 classes. Timings : input=203 ms, enhance=25 ms, total=228 ms. Consult the log for full details
16:04:05,493 (main) INFO  [DataNucleus.Enhancer] - DataNucleus Enhancer for API "JDO"
16:04:05,664 (main) INFO  [DataNucleus.Enhancer] - DataNucleus Enhancer (version 3.1.1) : Enhancement of classes
16:04:05,924 (main) INFO  [DataNucleus.Enhancer] - Writing class file "/home/otf/code/AssesortronServer/target/AssesortronServer-1.0-SNAPSHOT/WEB-INF/classes/Objects/WalkThroughDTO.class" with enhanced definition
16:04:05,932 (main) INFO  [DataNucleus.Enhancer] - Writing class file "/home/otf/code/AssesortronServer/target/AssesortronServer-1.0-SNAPSHOT/WEB-INF/classes/Objects/DrawRequestDTO.class" with enhanced definition
16:04:05,948 (main) INFO  [DataNucleus.Enhancer] - Writing class file "/home/otf/code/AssesortronServer/target/AssesortronServer-1.0-SNAPSHOT/WEB-INF/classes/Objects/ProjectDTO.class" with enhanced definition
16:04:05,949 (main) INFO  [DataNucleus.Enhancer] - DataNucleus Enhancer completed with success for 3 classes. Timings : input=218 ms, enhance=64 ms, total=282 ms. Consult the log for full details
15:55:54,380 (main) INFO  [DataNucleus.Enhancer] - DataNucleus Enhancer for API "JDO"
15:55:54,709 (main) INFO  [DataNucleus.Enhancer] - DataNucleus Enhancer (version 3.1.1) : Enhancement of classes
15:55:55,191 (main) INFO  [DataNucleus.Enhancer] - Writing class file "/home/otf/code/AssesortronServer/target/AssesortronServer-1.0-SNAPSHOT/WEB-INF/classes/Objects/WalkThroughDTO.class" with enhanced definition
15:55:55,204 (main) INFO  [DataNucleus.Enhancer] - Writing class file "/home/otf/code/AssesortronServer/target/AssesortronServer-1.0-SNAPSHOT/WEB-INF/classes/Objects/DrawRequestDTO.class" with enhanced definition
15:55:55,219 (main) INFO  [DataNucleus.Enhancer] - Writing class file "/home/otf/code/AssesortronServer/target/AssesortronServer-1.0-SNAPSHOT/WEB-INF/classes/Objects/ProjectDTO.class" with enhanced definition
15:55:55,251 (main) INFO  [DataNucleus.Enhancer] - DataNucleus Enhancer completed with success for 3 classes. Timings : input=423 ms, enhance=86 ms, total=509 ms. Consult the log for full details
16:19:07,588 (main) INFO  [DataNucleus.Enhancer] - DataNucleus Enhancer for API "JDO"
16:19:07,750 (main) INFO  [DataNucleus.Enhancer] - DataNucleus Enhancer (version 3.1.1) : Enhancement of classes
16:19:07,999 (main) INFO  [DataNucleus.Enhancer] - Writing class file "/home/otf/code/AssesortronServer/target/AssesortronServer-1.0-SNAPSHOT/WEB-INF/classes/Objects/WalkThroughDTO.class" with enhanced definition
16:19:08,006 (main) INFO  [DataNucleus.Enhancer] - Writing class file "/home/otf/code/AssesortronServer/target/AssesortronServer-1.0-SNAPSHOT/WEB-INF/classes/Objects/DrawRequestDTO.class" with enhanced definition
16:19:08,017 (main) INFO  [DataNucleus.Enhancer] - Writing class file "/home/otf/code/AssesortronServer/target/AssesortronServer-1.0-SNAPSHOT/WEB-INF/classes/Objects/ProjectDTO.class" with enhanced definition
16:19:08,018 (main) INFO  [DataNucleus.Enhancer] - DataNucleus Enhancer completed with success for 3 classes. Timings : input=211 ms, enhance=56 ms, total=267 ms. Consult the log for full details
16:42:22,514 (main) INFO  [DataNucleus.Enhancer] - DataNucleus Enhancer for API "JDO"
16:42:22,701 (main) INFO  [DataNucleus.Enhancer] - DataNucleus Enhancer (version 3.1.1) : Enhancement of classes
16:42:22,960 (main) INFO  [DataNucleus.Enhancer] - Writing class file "/home/otf/code/AssesortronServer/target/AssesortronServer-1.0-SNAPSHOT/WEB-INF/classes/Objects/WalkThroughDTO.class" with enhanced definition
16:42:22,968 (main) INFO  [DataNucleus.Enhancer] - Writing class file "/home/otf/code/AssesortronServer/target/AssesortronServer-1.0-SNAPSHOT/WEB-INF/classes/Objects/DrawRequestDTO.class" with enhanced definition
16:42:22,982 (main) INFO  [DataNucleus.Enhancer] - Writing class file "/home/otf/code/AssesortronServer/target/AssesortronServer-1.0-SNAPSHOT/WEB-INF/classes/Objects/ProjectDTO.class" with enhanced definition
16:42:22,982 (main) INFO  [DataNucleus.Enhancer] - DataNucleus Enhancer completed with success for 3 classes. Timings : input=219 ms, enhance=61 ms, total=280 ms. Consult the log for full details
16:58:33,418 (main) INFO  [DataNucleus.Enhancer] - DataNucleus Enhancer for API "JDO"
16:58:33,584 (main) INFO  [DataNucleus.Enhancer] - DataNucleus Enhancer (version 3.1.1) : Enhancement of classes
16:58:33,824 (main) INFO  [DataNucleus.Enhancer] - Writing class file "/home/otf/code/AssesortronServer/target/AssesortronServer-1.0-SNAPSHOT/WEB-INF/classes/Objects/WalkThroughDTO.class" with enhanced definition
16:58:33,831 (main) INFO  [DataNucleus.Enhancer] - Writing class file "/home/otf/code/AssesortronServer/target/AssesortronServer-1.0-SNAPSHOT/WEB-INF/classes/Objects/DrawRequestDTO.class" with enhanced definition
16:58:33,843 (main) INFO  [DataNucleus.Enhancer] - Writing class file "/home/otf/code/AssesortronServer/target/AssesortronServer-1.0-SNAPSHOT/WEB-INF/classes/Objects/ProjectDTO.class" with enhanced definition
16:58:33,844 (main) INFO  [DataNucleus.Enhancer] - DataNucleus Enhancer completed with success for 3 classes. Timings : input=192 ms, enhance=67 ms, total=259 ms. Consult the log for full details
17:00:21,411 (main) INFO  [DataNucleus.Enhancer] - DataNucleus Enhancer for API "JDO"
17:00:21,571 (main) INFO  [DataNucleus.Enhancer] - DataNucleus Enhancer (version 3.1.1) : Enhancement of classes
17:00:21,789 (main) INFO  [DataNucleus.Enhancer] - Class "Objects.WalkThroughDTO" is already enhanced.
17:00:21,790 (main) INFO  [DataNucleus.Enhancer] - Class "Objects.DrawRequestDTO" is already enhanced.
17:00:21,793 (main) INFO  [DataNucleus.Enhancer] - Class "Objects.ProjectDTO" is already enhanced.
17:00:21,793 (main) INFO  [DataNucleus.Enhancer] - DataNucleus Enhancer completed with success for 3 classes. Timings : input=197 ms, enhance=24 ms, total=221 ms. Consult the log for full details
17:04:09,786 (main) INFO  [DataNucleus.Enhancer] - DataNucleus Enhancer for API "JDO"
17:04:09,946 (main) INFO  [DataNucleus.Enhancer] - DataNucleus Enhancer (version 3.1.1) : Enhancement of classes
17:04:10,199 (main) INFO  [DataNucleus.Enhancer] - Writing class file "/home/otf/code/AssesortronServer/target/AssesortronServer-1.0-SNAPSHOT/WEB-INF/classes/Objects/WalkThroughDTO.class" with enhanced definition
17:04:10,206 (main) INFO  [DataNucleus.Enhancer] - Writing class file "/home/otf/code/AssesortronServer/target/AssesortronServer-1.0-SNAPSHOT/WEB-INF/classes/Objects/DrawRequestDTO.class" with enhanced definition
17:04:10,219 (main) INFO  [DataNucleus.Enhancer] - Writing class file "/home/otf/code/AssesortronServer/target/AssesortronServer-1.0-SNAPSHOT/WEB-INF/classes/Objects/ProjectDTO.class" with enhanced definition
17:04:10,219 (main) INFO  [DataNucleus.Enhancer] - DataNucleus Enhancer completed with success for 3 classes. Timings : input=212 ms, enhance=59 ms, total=271 ms. Consult the log for full details
17:05:30,085 (main) INFO  [DataNucleus.Enhancer] - DataNucleus Enhancer for API "JDO"
17:05:30,255 (main) INFO  [DataNucleus.Enhancer] - DataNucleus Enhancer (version 3.1.1) : Enhancement of classes
17:05:30,524 (main) INFO  [DataNucleus.Enhancer] - Writing class file "/home/otf/code/AssesortronServer/target/AssesortronServer-1.0-SNAPSHOT/WEB-INF/classes/Objects/WalkThroughDTO.class" with enhanced definition
17:05:30,532 (main) INFO  [DataNucleus.Enhancer] - Writing class file "/home/otf/code/AssesortronServer/target/AssesortronServer-1.0-SNAPSHOT/WEB-INF/classes/Objects/DrawRequestDTO.class" with enhanced definition
17:05:30,545 (main) INFO  [DataNucleus.Enhancer] - Writing class file "/home/otf/code/AssesortronServer/target/AssesortronServer-1.0-SNAPSHOT/WEB-INF/classes/Objects/ProjectDTO.class" with enhanced definition
17:05:30,545 (main) INFO  [DataNucleus.Enhancer] - DataNucleus Enhancer completed with success for 3 classes. Timings : input=213 ms, enhance=76 ms, total=289 ms. Consult the log for full details
17:10:02,284 (main) INFO  [DataNucleus.Enhancer] - DataNucleus Enhancer for API "JDO"
17:10:02,453 (main) INFO  [DataNucleus.Enhancer] - DataNucleus Enhancer (version 3.1.1) : Enhancement of classes
17:10:02,690 (main) INFO  [DataNucleus.Enhancer] - Writing class file "/home/otf/code/AssesortronServer/target/AssesortronServer-1.0-SNAPSHOT/WEB-INF/classes/Objects/WalkThroughDTO.class" with enhanced definition
17:10:02,697 (main) INFO  [DataNucleus.Enhancer] - Writing class file "/home/otf/code/AssesortronServer/target/AssesortronServer-1.0-SNAPSHOT/WEB-INF/classes/Objects/DrawRequestDTO.class" with enhanced definition
17:10:02,708 (main) INFO  [DataNucleus.Enhancer] - Writing class file "/home/otf/code/AssesortronServer/target/AssesortronServer-1.0-SNAPSHOT/WEB-INF/classes/Objects/ProjectDTO.class" with enhanced definition
17:10:02,709 (main) INFO  [DataNucleus.Enhancer] - DataNucleus Enhancer completed with success for 3 classes. Timings : input=195 ms, enhance=57 ms, total=252 ms. Consult the log for full details
17:10:38,744 (main) INFO  [DataNucleus.Enhancer] - DataNucleus Enhancer for API "JDO"
17:10:38,925 (main) INFO  [DataNucleus.Enhancer] - DataNucleus Enhancer (version 3.1.1) : Enhancement of classes
17:10:39,159 (main) INFO  [DataNucleus.Enhancer] - Writing class file "/home/otf/code/AssesortronServer/target/AssesortronServer-1.0-SNAPSHOT/WEB-INF/classes/Objects/WalkThroughDTO.class" with enhanced definition
17:10:39,166 (main) INFO  [DataNucleus.Enhancer] - Writing class file "/home/otf/code/AssesortronServer/target/AssesortronServer-1.0-SNAPSHOT/WEB-INF/classes/Objects/DrawRequestDTO.class" with enhanced definition
17:10:39,179 (main) INFO  [DataNucleus.Enhancer] - Writing class file "/home/otf/code/AssesortronServer/target/AssesortronServer-1.0-SNAPSHOT/WEB-INF/classes/Objects/ProjectDTO.class" with enhanced definition
17:10:39,179 (main) INFO  [DataNucleus.Enhancer] - DataNucleus Enhancer completed with success for 3 classes. Timings : input=188 ms, enhance=64 ms, total=252 ms. Consult the log for full details
17:21:36,123 (main) INFO  [DataNucleus.Enhancer] - DataNucleus Enhancer for API "JDO"
17:21:36,296 (main) INFO  [DataNucleus.Enhancer] - DataNucleus Enhancer (version 3.1.1) : Enhancement of classes
17:21:36,589 (main) INFO  [DataNucleus.Enhancer] - Writing class file "/home/otf/code/AssesortronServer/target/AssesortronServer-1.0-SNAPSHOT/WEB-INF/classes/Objects/WalkThroughDTO.class" with enhanced definition
17:21:36,603 (main) INFO  [DataNucleus.Enhancer] - Writing class file "/home/otf/code/AssesortronServer/target/AssesortronServer-1.0-SNAPSHOT/WEB-INF/classes/Objects/DrawRequestDTO.class" with enhanced definition
17:21:36,615 (main) INFO  [DataNucleus.Enhancer] - Writing class file "/home/otf/code/AssesortronServer/target/AssesortronServer-1.0-SNAPSHOT/WEB-INF/classes/Objects/ProjectDTO.class" with enhanced definition
17:21:36,616 (main) INFO  [DataNucleus.Enhancer] - DataNucleus Enhancer completed with success for 3 classes. Timings : input=246 ms, enhance=72 ms, total=318 ms. Consult the log for full details
17:22:34,084 (main) INFO  [DataNucleus.Enhancer] - DataNucleus Enhancer for API "JDO"
17:22:34,273 (main) INFO  [DataNucleus.Enhancer] - DataNucleus Enhancer (version 3.1.1) : Enhancement of classes
17:22:34,527 (main) INFO  [DataNucleus.Enhancer] - Writing class file "/home/otf/code/AssesortronServer/target/AssesortronServer-1.0-SNAPSHOT/WEB-INF/classes/Objects/WalkThroughDTO.class" with enhanced definition
17:22:34,535 (main) INFO  [DataNucleus.Enhancer] - Writing class file "/home/otf/code/AssesortronServer/target/AssesortronServer-1.0-SNAPSHOT/WEB-INF/classes/Objects/DrawRequestDTO.class" with enhanced definition
17:22:34,548 (main) INFO  [DataNucleus.Enhancer] - Writing class file "/home/otf/code/AssesortronServer/target/AssesortronServer-1.0-SNAPSHOT/WEB-INF/classes/Objects/ProjectDTO.class" with enhanced definition
17:22:34,549 (main) INFO  [DataNucleus.Enhancer] - DataNucleus Enhancer completed with success for 3 classes. Timings : input=214 ms, enhance=60 ms, total=274 ms. Consult the log for full details
